:-)
:)
:o)
:]
:3
:c)
:>
=]
8)
=)
:}
:^)
:-D
:D
8-D
8D
x-D
xD
X-D
XD
=-D
=D
=-3
=3
B^D
:-))
>:[
:-(
:(
:-c
:c
:-<
:<
:-[
:[
:{
;(
:-||
:@
>:(
:'-(
:'(
:'-)
:')
D:<
D:
D8
D;
D=
DX
v.v
D-':
>:O
:-O
:O
8-0
:*
:^*
( '}{' )
;-)
;)
*-)
*)
;-]
;]
;D
;^)
:-,
>:P
:-P
:P
X-P
x-p
xp
XP
:-p
:p
=p
:-b
:b
>:\
>:/
:-/
:-.
:/
:\
=/
=\
:L
=L
:S
>.<
:|
:-|
:$
:-X
:X
:-#
:#
O:-)
0:-3
0:3
0:-)
0:)
0;^)
>:)
>;)
>:-)
}:-)
}:)
3:-)
3:)
o/\o
^5
>_>^
^<_<
|;-)
|-O
:-&
:&
#-)
%-)
%)
:-###..
:###..
<:-|
<*)))-{
><(((*>
><>
\o/
*\0/*
@}-;-'---
@>-->--
~(_8^(I)
5:-)
~:-\
//0-0\\
*<|:-)
=:o]
,:-)
7:^]
<3
</3
(>_<)
(>_<)>
(';')
(^_^;)
(-_-;)
(~_~;)
^^;
^_^;
(#^.^#)
(^ ^;)
(-_-)zzz
(^_-)
((+_+))
(+o+)
(o|o)
^_^
(^_^)/
(^O^)/
(^o^)/
(^^)/
(__)
_(._.)_
_(_^_)_
<(_ _)>
<m(__)m>
m(__)m
m(_ _)m
( ^^)
<+
))><<
<*))
>=<
('_')
(/_;)
(T_T)
(;_;)
(;_;
(;_:)
(;O;)
(:_;)
(ToT)
;_;
;-;
;n;
;;
Q.Q
T.T
QQ
Q_Q
(-.-)
(-_-)
(--)
(;-_-)
(=_=)
=^_^=
(..)
(._.)
^m^
(..?
(?_?)
(?_?)
>^_^<
<^!^>
^/^
(*^_^*)
(^<^)
(^.^)
(^_^.)
(^_^)
(^^)
(^J^)
^_^
(#^.^#)
(^-^)
(^^)/~~~
(^_^)/~
(;_;)/~~~
(^.^)/~~~
(@^^)/~~~
(T_T)/~~~
(ToT)/~~~
.~*
\(~o~)/
\(^o^)/
\(-o-)/
(^o^)
(*^0^*)
(*_*)
(*_*;
(+_+)
(@_@)
(@_@;)
(-_-)
!(^^)!
(*^^)v
(^^)v
(^_^)v
(^v^)
(’-’*)
(~o~)
(~_~)
(p_-)
((d[-_-]b))
(-"-)
(~_~)
<'~'>
(^0_0^)
:-P
:-O
:->
8-<
:-)
:-<
:(
:-(
:)
:|
:-|
(^v^)
(^u^)
(^)o(^)
(^O^)
(^o^)
(^0^)
)^o^(
°o°
°O°
:O
o_O
o_0
o.O
(o.o)
