:-)
:)
:o)
:]
:3
:c)
:>
=]
8)
=)
:}
:^)
:D
;)
8-|
8-)
:O
:*
:P
:$
]:)
:-D
:D
8-D
8D
x-D
xD
X-D
XD
=-D
=D
=-3
=3
B^D
:-))
:'-)
:')
:*
:^*
( '}{' )
;-)
;)
*-)
*)
;-]
;]
;D
;^)
:-,
>:P
:-P
:P
X-P
x-p
xp
XP
:-p
:p
=p
:-b
:b
>:)
>;)
>:-)
}:-)
}:)
3:-)
3:)
#-)
%-)
%)
\o/
*\0/*
<3
(^_-)
^_^
(^_^)/
(^O^)/
(^o^)/
(^^)/
=^_^=
>^_^<
<^!^>
^/^
(*^_^*)
(^<^)
(^.^)
(^_^.)
(^_^)
(^^)
(^J^)
^_^
(#^.^#)
(^-^)
(^^)/~~~
(^_^)/~
(;_;)/~~~
(^.^)/~~~
(@^^)/~~~
(T_T)/~~~
(ToT)/~~~
\(~o~)/
\(^o^)/
\(-o-)/
(^o^)
(*^0^*)
(*_*)
(*_*;
(+_+)
(@_@)
(@_@;)
(*^^)v
(^^)v
(^_^)v
(^v^)
(’-’*)
((d[-_-]b))
(^v^)
(^u^)
(^)o(^)
(^O^)
(^o^)
(^0^)
)^o^(
°o°
°O°
:O
o_O
o_0
o.O
(o.o)